#
# A fatal error has been detected by the Java Runtime Environment:
#
#  EXCEPTION_ACCESS_VIOLATION (0xc0000005) at pc=0x00000001800051c0, pid=5076, tid=6476
#
# JRE version: Java(TM) SE Runtime Environment (8.0_65-b17) (build 1.8.0_65-b17)
# Java VM: Java HotSpot(TM) 64-Bit Server VM (25.65-b01 mixed mode windows-amd64 compressed oops)
# Problematic frame:
# C  [rxtxSerial.dll+0x51c0]
#
# Failed to write core dump. Minidumps are not enabled by default on client versions of Windows
#
# If you would like to submit a bug report, please visit:
#   http://bugreport.java.com/bugreport/crash.jsp
# The crash happened outside the Java Virtual Machine in native code.
# See problematic frame for where to report the bug.
#

---------------  T H R E A D  ---------------

Current thread (0x000000000a9ba000):  JavaThread "Thread-25" [_thread_in_native, id=6476, stack(0x000000000afc0000,0x000000000b0c0000)]

siginfo: ExceptionCode=0xc0000005, writing address 0x000000000af4ede8

Registers:
RAX=0x0000000000000010, RBX=0x0000000000000001, RCX=0x0000000001f2b0bf, RDX=0x0000000000000000
RSP=0x000000000b0bf150, RBP=0x000000000a9ba1f8, RSI=0x0000000000000007, RDI=0x0000000000000000
R8 =0x000000000b0bf0a8, R9 =0x000000000a9ba1f8, R10=0x0000000000000000, R11=0x0000000000000246
R12=0x000000000af4ede0, R13=0x000000000b0bf478, R14=0x0000000000000001, R15=0x000000000000000a
RIP=0x00000001800051c0, EFLAGS=0x0000000000010216

Top of Stack: (sp=0x000000000b0bf150)
0x000000000b0bf150:   0000000000000001 0000000000000000
0x000000000b0bf160:   0000000000000000 0000000000000000
0x000000000b0bf170:   1e7009980afb6400 0000000100000001
0x000000000b0bf180:   0000000000000000 000000000afb6450
0x000000000b0bf190:   000000000000000a 000000000b0bf1c0
0x000000000b0bf1a0:   000000000afb64e8 0000000000000000
0x000000000b0bf1b0:   000000000b0bf238 0000000003158db0
0x000000000b0bf1c0:   000060953849d849 0000000150779200
0x000000000b0bf1d0:   000000000a9ba000 0000000000000000
0x000000000b0bf1e0:   000000000b0bf478 0000000000000000
0x000000000b0bf1f0:   00000000820042c0 00000000d80c6088
0x000000000b0bf200:   000000000b0bf270 000000000f1a0339
0x000000000b0bf210:   000000010006ab08 0000000003158db0
0x000000000b0bf220:   000000000b0bf2d8 000000005074c8d1
0x000000000b0bf230:   00000000d80088d0 0000000b00000000
0x000000000b0bf240:   00000000087a1118 000000000a9ba000 

Instructions: (pc=0x00000001800051c0)
0x00000001800051a0:   00 85 c0 0f 88 93 00 00 00 74 06 03 f8 2b d8 eb
0x00000001800051b0:   0a b9 e8 03 00 00 e8 55 0f 00 00 83 ff 01 7c b0
0x00000001800051c0:   45 89 74 24 08 85 ff 0f 89 cc 00 00 00 e8 aa 55
0x00000001800051d0:   00 00 8b 08 e8 bf 54 00 00 4c 8b 45 00 48 8d 15 


Register to memory mapping:

RAX=0x0000000000000010 is an unknown value
RBX=0x0000000000000001 is an unknown value
RCX=0x0000000001f2b0bf is an unknown value
RDX=0x0000000000000000 is an unknown value
RSP=0x000000000b0bf150 is pointing into the stack for thread: 0x000000000a9ba000
RBP=0x000000000a9ba1f8 is an unknown value
RSI=0x0000000000000007 is an unknown value
RDI=0x0000000000000000 is an unknown value
R8 =0x000000000b0bf0a8 is pointing into the stack for thread: 0x000000000a9ba000
R9 =0x000000000a9ba1f8 is an unknown value
R10=0x0000000000000000 is an unknown value
R11=0x0000000000000246 is an unknown value
R12=0x000000000af4ede0 is an unknown value
R13=0x000000000b0bf478 is pointing into the stack for thread: 0x000000000a9ba000
R14=0x0000000000000001 is an unknown value
R15=0x000000000000000a is an unknown value


Stack: [0x000000000afc0000,0x000000000b0c0000],  sp=0x000000000b0bf150,  free space=1020k
Native frames: (J=compiled Java code, j=interpreted, Vv=VM code, C=native code)
C  [rxtxSerial.dll+0x51c0]
C  0x000000000f1a0339

Java frames: (J=compiled Java code, j=interpreted, Vv=VM code)
J 266  gnu.io.RXTXPort.readByte()I (0 bytes) @ 0x000000000f1a02bb [0x000000000f1a0280+0x3b]
J 1040 C2 gnu.io.RXTXPort$SerialInputStream.read()I (167 bytes) @ 0x000000000f3805b8 [0x000000000f380480+0x138]
J 1060 C2 com.digi.xbee.api.packet.XBeePacketParser.readByte(Ljava/io/InputStream;Lcom/digi/xbee/api/models/OperatingMode;)I (138 bytes) @ 0x000000000f138958 [0x000000000f1388e0+0x78]
J 984 C1 com.digi.xbee.api.packet.XBeePacketParser.parsePacket(Ljava/io/InputStream;Lcom/digi/xbee/api/models/OperatingMode;)Lcom/digi/xbee/api/packet/XBeePacket; (209 bytes) @ 0x000000000f34ea14 [0x000000000f34e840+0x1d4]
j  com.digi.xbee.api.connection.DataReader.run()V+179
v  ~StubRoutines::call_stub

---------------  P R O C E S S  ---------------

Java Threads: ( => current thread )
=>0x000000000a9ba000 JavaThread "Thread-25" [_thread_in_native, id=6476, stack(0x000000000afc0000,0x000000000b0c0000)]
  0x000000000a86d800 JavaThread "Service Thread" daemon [_thread_blocked, id=6352, stack(0x000000000ac50000,0x000000000ad50000)]
  0x0000000008d07000 JavaThread "C1 CompilerThread2" daemon [_thread_blocked, id=6096, stack(0x000000000a750000,0x000000000a850000)]
  0x0000000008cfe000 JavaThread "C2 CompilerThread1" daemon [_thread_blocked, id=8408, stack(0x000000000a650000,0x000000000a750000)]
  0x0000000008cfb800 JavaThread "C2 CompilerThread0" daemon [_thread_blocked, id=6660, stack(0x000000000a550000,0x000000000a650000)]
  0x0000000008d06800 JavaThread "Attach Listener" daemon [_thread_blocked, id=8804, stack(0x000000000a450000,0x000000000a550000)]
  0x0000000008d05800 JavaThread "Signal Dispatcher" daemon [_thread_blocked, id=6080, stack(0x000000000a350000,0x000000000a450000)]
  0x0000000008cc9000 JavaThread "Finalizer" daemon [_thread_blocked, id=2868, stack(0x0000000009f50000,0x000000000a050000)]
  0x0000000003200800 JavaThread "Reference Handler" daemon [_thread_blocked, id=4428, stack(0x0000000009e50000,0x0000000009f50000)]
  0x0000000003110800 JavaThread "main" [_thread_blocked, id=4768, stack(0x0000000002fb0000,0x00000000030b0000)]

Other Threads:
  0x0000000008cc7800 VMThread [stack: 0x0000000009d50000,0x0000000009e50000] [id=3704]
  0x000000000a892800 WatcherThread [stack: 0x000000000ad50000,0x000000000ae50000] [id=9208]

VM state:not at safepoint (normal execution)

VM Mutex/Monitor currently owned by a thread: None

Heap:
 PSYoungGen      total 34816K, used 7114K [0x00000000d6000000, 0x00000000d8580000, 0x0000000100000000)
  eden space 32256K, 15% used [0x00000000d6000000,0x00000000d64de128,0x00000000d7f80000)
  from space 2560K, 83% used [0x00000000d8000000,0x00000000d82148d8,0x00000000d8280000)
  to   space 3072K, 0% used [0x00000000d8280000,0x00000000d8280000,0x00000000d8580000)
 ParOldGen       total 86016K, used 40K [0x0000000082000000, 0x0000000087400000, 0x00000000d6000000)
  object space 86016K, 0% used [0x0000000082000000,0x000000008200a000,0x0000000087400000)
 Metaspace       used 7872K, capacity 8120K, committed 8192K, reserved 1056768K
  class space    used 886K, capacity 960K, committed 1024K, reserved 1048576K

Card table byte_map: [0x00000000035d0000,0x00000000039d0000] byte_map_base: 0x00000000031c0000

Marking Bits: (ParMarkBitMap*) 0x0000000050e4a5b0
 Begin Bits: [0x0000000004070000, 0x0000000005ff0000)
 End Bits:   [0x0000000005ff0000, 0x0000000007f70000)

Polling page: 0x0000000001290000

CodeCache: size=245760Kb used=3562Kb max_used=3620Kb free=242197Kb
 bounds [0x000000000f010000, 0x000000000f3b0000, 0x000000001e010000]
 total_blobs=1378 nmethods=1050 adapters=241
 compilation: enabled

Compilation events (10 events):
Event: 42.259 Thread 0x0000000008d07000 1130       3       java.util.concurrent.ThreadPoolExecutor::runStateLessThan (11 bytes)
Event: 42.259 Thread 0x0000000008d07000 nmethod 1130 0x000000000f1419d0 code [0x000000000f141b20, 0x000000000f141cb0]
Event: 43.190 Thread 0x0000000008d07000 1131       3       java.util.regex.Pattern$BitClass::isSatisfiedBy (22 bytes)
Event: 43.190 Thread 0x0000000008d07000 nmethod 1131 0x000000000f1fcd90 code [0x000000000f1fcf00, 0x000000000f1fd110]
Event: 43.190 Thread 0x0000000008d07000 1132       3       java.util.Formatter$Conversion::isGeneral (64 bytes)
Event: 43.190 Thread 0x0000000008d07000 nmethod 1132 0x000000000f18ec50 code [0x000000000f18eda0, 0x000000000f18ef10]
Event: 43.190 Thread 0x0000000008d07000 1134       3       java.util.StringTokenizer::hasMoreTokens (29 bytes)
Event: 43.190 Thread 0x0000000008d07000 nmethod 1134 0x000000000f133bd0 code [0x000000000f133d40, 0x000000000f133f48]
Event: 43.190 Thread 0x0000000008d07000 1133       1       java.util.Formatter$FormatSpecifier::index (5 bytes)
Event: 43.191 Thread 0x0000000008d07000 nmethod 1133 0x000000000f1c3890 code [0x000000000f1c39e0, 0x000000000f1c3af0]

GC Heap History (10 events):
Event: 2.485 GC heap before
{Heap before GC invocations=1 (full 0):
 PSYoungGen      total 37888K, used 32768K [0x00000000d6000000, 0x00000000d8a00000, 0x0000000100000000)
  eden space 32768K, 100% used [0x00000000d6000000,0x00000000d8000000,0x00000000d8000000)
  from space 5120K, 0% used [0x00000000d8500000,0x00000000d8500000,0x00000000d8a00000)
  to   space 5120K, 0% used [0x00000000d8000000,0x00000000d8000000,0x00000000d8500000)
 ParOldGen       total 86016K, used 0K [0x0000000082000000, 0x0000000087400000, 0x00000000d6000000)
  object space 86016K, 0% used [0x0000000082000000,0x0000000082000000,0x0000000087400000)
 Metaspace       used 4382K, capacity 5320K, committed 5504K, reserved 1056768K
  class space    used 510K, capacity 564K, committed 640K, reserved 1048576K
Event: 2.487 GC heap after
Heap after GC invocations=1 (full 0):
 PSYoungGen      total 37888K, used 1284K [0x00000000d6000000, 0x00000000d8a00000, 0x0000000100000000)
  eden space 32768K, 0% used [0x00000000d6000000,0x00000000d6000000,0x00000000d8000000)
  from space 5120K, 25% used [0x00000000d8000000,0x00000000d81413c8,0x00000000d8500000)
  to   space 5120K, 0% used [0x00000000d8500000,0x00000000d8500000,0x00000000d8a00000)
 ParOldGen       total 86016K, used 8K [0x0000000082000000, 0x0000000087400000, 0x00000000d6000000)
  object space 86016K, 0% used [0x0000000082000000,0x0000000082002000,0x0000000087400000)
 Metaspace       used 4382K, capacity 5320K, committed 5504K, reserved 1056768K
  class space    used 510K, capacity 564K, committed 640K, reserved 1048576K
}
Event: 8.823 GC heap before
{Heap before GC invocations=2 (full 0):
 PSYoungGen      total 37888K, used 34052K [0x00000000d6000000, 0x00000000d8a00000, 0x0000000100000000)
  eden space 32768K, 100% used [0x00000000d6000000,0x00000000d8000000,0x00000000d8000000)
  from space 5120K, 25% used [0x00000000d8000000,0x00000000d81413c8,0x00000000d8500000)
  to   space 5120K, 0% used [0x00000000d8500000,0x00000000d8500000,0x00000000d8a00000)
 ParOldGen       total 86016K, used 8K [0x0000000082000000, 0x0000000087400000, 0x00000000d6000000)
  object space 86016K, 0% used [0x0000000082000000,0x0000000082002000,0x0000000087400000)
 Metaspace       used 7722K, capacity 7928K, committed 8192K, reserved 1056768K
  class space    used 886K, capacity 960K, committed 1024K, reserved 1048576K
Event: 8.830 GC heap after
Heap after GC invocations=2 (full 0):
 PSYoungGen      total 37888K, used 3177K [0x00000000d6000000, 0x00000000d8a00000, 0x0000000100000000)
  eden space 32768K, 0% used [0x00000000d6000000,0x00000000d6000000,0x00000000d8000000)
  from space 5120K, 62% used [0x00000000d8500000,0x00000000d881a600,0x00000000d8a00000)
  to   space 5120K, 0% used [0x00000000d8000000,0x00000000d8000000,0x00000000d8500000)
 ParOldGen       total 86016K, used 16K [0x0000000082000000, 0x0000000087400000, 0x00000000d6000000)
  object space 86016K, 0% used [0x0000000082000000,0x0000000082004000,0x0000000087400000)
 Metaspace       used 7722K, capacity 7928K, committed 8192K, reserved 1056768K
  class space    used 886K, capacity 960K, committed 1024K, reserved 1048576K
}
Event: 18.451 GC heap before
{Heap before GC invocations=3 (full 0):
 PSYoungGen      total 37888K, used 35945K [0x00000000d6000000, 0x00000000d8a00000, 0x0000000100000000)
  eden space 32768K, 100% used [0x00000000d6000000,0x00000000d8000000,0x00000000d8000000)
  from space 5120K, 62% used [0x00000000d8500000,0x00000000d881a600,0x00000000d8a00000)
  to   space 5120K, 0% used [0x00000000d8000000,0x00000000d8000000,0x00000000d8500000)
 ParOldGen       total 86016K, used 16K [0x0000000082000000, 0x0000000087400000, 0x00000000d6000000)
  object space 86016K, 0% used [0x0000000082000000,0x0000000082004000,0x0000000087400000)
 Metaspace       used 7793K, capacity 8056K, committed 8192K, reserved 1056768K
  class space    used 886K, capacity 960K, committed 1024K, reserved 1048576K
Event: 18.454 GC heap after
Heap after GC invocations=3 (full 0):
 PSYoungGen      total 37888K, used 2082K [0x00000000d6000000, 0x00000000d8a00000, 0x0000000100000000)
  eden space 32768K, 0% used [0x00000000d6000000,0x00000000d6000000,0x00000000d8000000)
  from space 5120K, 40% used [0x00000000d8000000,0x00000000d82088e8,0x00000000d8500000)
  to   space 5120K, 0% used [0x00000000d8500000,0x00000000d8500000,0x00000000d8a00000)
 ParOldGen       total 86016K, used 24K [0x0000000082000000, 0x0000000087400000, 0x00000000d6000000)
  object space 86016K, 0% used [0x0000000082000000,0x0000000082006000,0x0000000087400000)
 Metaspace       used 7793K, capacity 8056K, committed 8192K, reserved 1056768K
  class space    used 886K, capacity 960K, committed 1024K, reserved 1048576K
}
Event: 29.959 GC heap before
{Heap before GC invocations=4 (full 0):
 PSYoungGen      total 37888K, used 34850K [0x00000000d6000000, 0x00000000d8a00000, 0x0000000100000000)
  eden space 32768K, 100% used [0x00000000d6000000,0x00000000d8000000,0x00000000d8000000)
  from space 5120K, 40% used [0x00000000d8000000,0x00000000d82088e8,0x00000000d8500000)
  to   space 5120K, 0% used [0x00000000d8500000,0x00000000d8500000,0x00000000d8a00000)
 ParOldGen       total 86016K, used 24K [0x0000000082000000, 0x0000000087400000, 0x00000000d6000000)
  object space 86016K, 0% used [0x0000000082000000,0x0000000082006000,0x0000000087400000)
 Metaspace       used 7856K, capacity 8056K, committed 8192K, reserved 1056768K
  class space    used 886K, capacity 960K, committed 1024K, reserved 1048576K
Event: 29.962 GC heap after
Heap after GC invocations=4 (full 0):
 PSYoungGen      total 37888K, used 2114K [0x00000000d6000000, 0x00000000d8a00000, 0x0000000100000000)
  eden space 32768K, 0% used [0x00000000d6000000,0x00000000d6000000,0x00000000d8000000)
  from space 5120K, 41% used [0x00000000d8500000,0x00000000d87108e8,0x00000000d8a00000)
  to   space 5120K, 0% used [0x00000000d8000000,0x00000000d8000000,0x00000000d8500000)
 ParOldGen       total 86016K, used 32K [0x0000000082000000, 0x0000000087400000, 0x00000000d6000000)
  object space 86016K, 0% used [0x0000000082000000,0x0000000082008000,0x0000000087400000)
 Metaspace       used 7856K, capacity 8056K, committed 8192K, reserved 1056768K
  class space    used 886K, capacity 960K, committed 1024K, reserved 1048576K
}
Event: 41.505 GC heap before
{Heap before GC invocations=5 (full 0):
 PSYoungGen      total 37888K, used 34882K [0x00000000d6000000, 0x00000000d8a00000, 0x0000000100000000)
  eden space 32768K, 100% used [0x00000000d6000000,0x00000000d8000000,0x00000000d8000000)
  from space 5120K, 41% used [0x00000000d8500000,0x00000000d87108e8,0x00000000d8a00000)
  to   space 5120K, 0% used [0x00000000d8000000,0x00000000d8000000,0x00000000d8500000)
 ParOldGen       total 86016K, used 32K [0x0000000082000000, 0x0000000087400000, 0x00000000d6000000)
  object space 86016K, 0% used [0x0000000082000000,0x0000000082008000,0x0000000087400000)
 Metaspace       used 7867K, capacity 8056K, committed 8192K, reserved 1056768K
  class space    used 886K, capacity 960K, committed 1024K, reserved 1048576K
Event: 41.508 GC heap after
Heap after GC invocations=5 (full 0):
 PSYoungGen      total 34816K, used 2130K [0x00000000d6000000, 0x00000000d8580000, 0x0000000100000000)
  eden space 32256K, 0% used [0x00000000d6000000,0x00000000d6000000,0x00000000d7f80000)
  from space 2560K, 83% used [0x00000000d8000000,0x00000000d82148d8,0x00000000d8280000)
  to   space 3072K, 0% used [0x00000000d8280000,0x00000000d8280000,0x00000000d8580000)
 ParOldGen       total 86016K, used 40K [0x0000000082000000, 0x0000000087400000, 0x00000000d6000000)
  object space 86016K, 0% used [0x0000000082000000,0x000000008200a000,0x0000000087400000)
 Metaspace       used 7867K, capacity 8056K, committed 8192K, reserved 1056768K
  class space    used 886K, capacity 960K, committed 1024K, reserved 1048576K
}

Deoptimization events (7 events):
Event: 3.653 Thread 0x0000000003110800 Uncommon trap: reason=unstable_if action=reinterpret pc=0x000000000f1a40a4 method=java.lang.AbstractStringBuilder.append(Ljava/lang/String;)Ljava/lang/AbstractStringBuilder; @ 1
Event: 3.664 Thread 0x0000000003110800 Uncommon trap: reason=unstable_if action=reinterpret pc=0x000000000f17ee00 method=java.lang.String.indexOf([CII[CIII)I @ 3
Event: 3.707 Thread 0x0000000003110800 Uncommon trap: reason=unstable_if action=reinterpret pc=0x000000000f16b1a8 method=java.lang.String.startsWith(Ljava/lang/String;I)Z @ 25
Event: 3.978 Thread 0x0000000003110800 Uncommon trap: reason=class_check action=maybe_recompile pc=0x000000000f260778 method=java.util.HashMap.putVal(ILjava/lang/Object;Ljava/lang/Object;ZZ)Ljava/lang/Object; @ 203
Event: 3.980 Thread 0x0000000003110800 Uncommon trap: reason=unstable_if action=reinterpret pc=0x000000000f260728 method=java.util.HashMap.putVal(ILjava/lang/Object;Ljava/lang/Object;ZZ)Ljava/lang/Object; @ 81
Event: 3.982 Thread 0x0000000003110800 Uncommon trap: reason=unstable_if action=reinterpret pc=0x000000000f25d678 method=java.util.HashMap.putVal(ILjava/lang/Object;Ljava/lang/Object;ZZ)Ljava/lang/Object; @ 81
Event: 3.984 Thread 0x0000000003110800 Uncommon trap: reason=unstable_if action=reinterpret pc=0x000000000f1fcfd4 method=java.lang.CharacterDataLatin1.digit(II)I @ 82

Internal exceptions (10 events):
Event: 0.169 Thread 0x0000000003110800 Exception <a 'java/security/PrivilegedActionException'> (0x00000000d62febb0) thrown at [C:\workspace\8-2-build-windows-amd64-cygwin\jdk8u65\4987\hotspot\src\share\vm\prims\jvm.cpp, line 1386]
Event: 0.187 Thread 0x0000000003110800 Exception <a 'java/io/FileNotFoundException'> (0x00000000d6373be0) thrown at [C:\workspace\8-2-build-windows-amd64-cygwin\jdk8u65\4987\hotspot\src\share\vm\prims\jni.cpp, line 709]
Event: 0.323 Thread 0x0000000003110800 Exception <a 'java/io/FileNotFoundException'> (0x00000000d638a8b8) thrown at [C:\workspace\8-2-build-windows-amd64-cygwin\jdk8u65\4987\hotspot\src\share\vm\prims\jni.cpp, line 709]
Event: 3.653 Thread 0x0000000003110800 Implicit null exception at 0x000000000f1a3d56 to 0x000000000f1a408d
Event: 3.965 Thread 0x0000000003110800 Exception <a 'java/lang/NoSuchFieldError': method resolution failed> (0x00000000d6c4b950) thrown at [C:\workspace\8-2-build-windows-amd64-cygwin\jdk8u65\4987\hotspot\src\share\vm\prims\methodHandles.cpp, line 1146]
Event: 3.967 Thread 0x0000000003110800 Exception <a 'java/lang/NoSuchFieldError': method resolution failed> (0x00000000d6c59090) thrown at [C:\workspace\8-2-build-windows-amd64-cygwin\jdk8u65\4987\hotspot\src\share\vm\prims\methodHandles.cpp, line 1146]
Event: 4.014 Thread 0x0000000003110800 Exception <a 'java/io/FileNotFoundException'> (0x00000000d6d577e8) thrown at [C:\workspace\8-2-build-windows-amd64-cygwin\jdk8u65\4987\hotspot\src\share\vm\prims\jni.cpp, line 709]
Event: 4.014 Thread 0x0000000003110800 Exception <a 'java/security/PrivilegedActionException'> (0x00000000d6d57cd8) thrown at [C:\workspace\8-2-build-windows-amd64-cygwin\jdk8u65\4987\hotspot\src\share\vm\prims\jvm.cpp, line 1386]
Event: 37.001 Thread 0x000000000a9ba000 Implicit null exception at 0x000000000f1648d6 to 0x000000000f1657a3
Event: 37.001 Thread 0x000000000a9ba000 Exception <a 'java/lang/NullPointerException'> (0x00000000d73a2af0) thrown at [C:\workspace\8-2-build-windows-amd64-cygwin\jdk8u65\4987\hotspot\src\share\vm\runtime\sharedRuntime.cpp, line 605]

Events (10 events):
Event: 43.154 Thread 0x000000000a9bb000 Thread exited: 0x000000000a9bb000
Event: 43.170 Thread 0x000000000a9bc800 Thread added: 0x000000000a9bc800
Event: 43.170 Thread 0x000000000a9bc800 Thread exited: 0x000000000a9bc800
Event: 43.190 Executing VM operation: RevokeBias
Event: 43.190 Executing VM operation: RevokeBias done
Event: 43.208 Thread 0x000000000a9bb800 Thread added: 0x000000000a9bb800
Event: 43.208 Thread 0x000000000a9bb800 Thread exited: 0x000000000a9bb800
Event: 43.256 Thread 0x000000000a9bc800 Thread added: 0x000000000a9bc800
Event: 43.256 Thread 0x000000000a9bc800 Thread exited: 0x000000000a9bc800
Event: 43.260 Thread 0x000000000a9b9800 Thread exited: 0x000000000a9b9800


Dynamic libraries:
0x00007ff72a2c0000 - 0x00007ff72a2f7000 	C:\Program Files\Java\jre1.8.0_65\bin\javaw.exe
0x00007ffd45300000 - 0x00007ffd454ac000 	C:\WINDOWS\SYSTEM32\ntdll.dll
0x00007ffd44d80000 - 0x00007ffd44ebe000 	C:\WINDOWS\system32\KERNEL32.DLL
0x00007ffd42520000 - 0x00007ffd42635000 	C:\WINDOWS\system32\KERNELBASE.dll
0x00007ffd40fb0000 - 0x00007ffd4103e000 	C:\WINDOWS\system32\apphelp.dll
0x00007ffd217c0000 - 0x00007ffd21813000 	C:\WINDOWS\AppPatch\AppPatch64\AcGenral.DLL
0x00007ffd44af0000 - 0x00007ffd44b9a000 	C:\WINDOWS\system32\msvcrt.dll
0x00007ffd42130000 - 0x00007ffd4215e000 	C:\WINDOWS\SYSTEM32\SspiCli.dll
0x00007ffd45020000 - 0x00007ffd45074000 	C:\WINDOWS\system32\SHLWAPI.dll
0x00007ffd42980000 - 0x00007ffd42af7000 	C:\WINDOWS\system32\USER32.dll
0x00007ffd42b70000 - 0x00007ffd42d04000 	C:\WINDOWS\system32\ole32.dll
0x00007ffd42d10000 - 0x00007ffd4423b000 	C:\WINDOWS\system32\SHELL32.dll
0x00007ffd419b0000 - 0x00007ffd419d1000 	C:\WINDOWS\SYSTEM32\USERENV.dll
0x00007ffd44cd0000 - 0x00007ffd44d7a000 	C:\WINDOWS\system32\ADVAPI32.dll
0x00007ffd378d0000 - 0x00007ffd378ee000 	C:\WINDOWS\SYSTEM32\MPR.dll
0x00007ffd44ec0000 - 0x00007ffd45001000 	C:\WINDOWS\system32\RPCRT4.dll
0x00007ffd45140000 - 0x00007ffd45199000 	C:\WINDOWS\SYSTEM32\sechost.dll
0x00007ffd44520000 - 0x00007ffd44731000 	C:\WINDOWS\SYSTEM32\combase.dll
0x00007ffd451a0000 - 0x00007ffd452f0000 	C:\WINDOWS\system32\GDI32.dll
0x00007ffd42450000 - 0x00007ffd42465000 	C:\WINDOWS\SYSTEM32\profapi.dll
0x00007ffd40960000 - 0x00007ffd40a12000 	C:\WINDOWS\SYSTEM32\SHCORE.dll
0x00007ffd44300000 - 0x00007ffd44336000 	C:\WINDOWS\system32\IMM32.DLL
0x00007ffd44990000 - 0x00007ffd44ae2000 	C:\WINDOWS\system32\MSCTF.dll
0x00007ffd42400000 - 0x00007ffd42431000 	C:\WINDOWS\system32\nvinitx.dll
0x000000000f000000 - 0x000000000f006000 	C:\Program Files\NVIDIA Corporation\CoProcManager\_etoured.dll
0x00007ffd40a40000 - 0x00007ffd40a72000 	C:\Program Files\NVIDIA Corporation\CoProcManager\nvd3d9wrapx.dll
0x00007ffd44340000 - 0x00007ffd4451a000 	C:\WINDOWS\system32\SETUPAPI.dll
0x00007ffd42930000 - 0x00007ffd4297f000 	C:\WINDOWS\system32\CFGMGR32.dll
0x00007ffd40930000 - 0x00007ffd40952000 	C:\Program Files\NVIDIA Corporation\CoProcManager\nvdxgiwrapx.dll
0x00007ffd40490000 - 0x00007ffd4070b000 	C:\WINDOWS\WinSxS\amd64_microsoft.windows.common-controls_6595b64144ccf1df_6.0.9600.18006_none_623f33d3ecbe86e8\COMCTL32.dll
0x0000000051960000 - 0x0000000051a32000 	C:\Program Files\Java\jre1.8.0_65\bin\msvcr100.dll
0x0000000050640000 - 0x0000000050ec9000 	C:\Program Files\Java\jre1.8.0_65\bin\server\jvm.dll
0x00007ffd3f730000 - 0x00007ffd3f739000 	C:\WINDOWS\SYSTEM32\WSOCK32.dll
0x00007ffd3f6e0000 - 0x00007ffd3f702000 	C:\WINDOWS\SYSTEM32\WINMM.dll
0x00007ffd40710000 - 0x00007ffd4071a000 	C:\WINDOWS\SYSTEM32\VERSION.dll
0x00007ffd452f0000 - 0x00007ffd452f7000 	C:\WINDOWS\system32\PSAPI.DLL
0x00007ffd44760000 - 0x00007ffd447ba000 	C:\WINDOWS\system32\WS2_32.dll
0x00007ffd3f6a0000 - 0x00007ffd3f6ca000 	C:\WINDOWS\SYSTEM32\WINMMBASE.dll
0x00007ffd44750000 - 0x00007ffd44759000 	C:\WINDOWS\system32\NSI.dll
0x00007ffd41210000 - 0x00007ffd41238000 	C:\WINDOWS\SYSTEM32\DEVOBJ.dll
0x0000000051b20000 - 0x0000000051b2f000 	C:\Program Files\Java\jre1.8.0_65\bin\verify.dll
0x0000000051af0000 - 0x0000000051b19000 	C:\Program Files\Java\jre1.8.0_65\bin\java.dll
0x0000000051ad0000 - 0x0000000051ae6000 	C:\Program Files\Java\jre1.8.0_65\bin\zip.dll
0x0000000180000000 - 0x0000000180025000 	C:\Program Files\Java\jre1.8.0_65\bin\rxtxSerial.dll
0x0000000051a60000 - 0x0000000051a84000 	C:\Program Files\Java\jre1.8.0_65\bin\sunec.dll
0x0000000051ab0000 - 0x0000000051aca000 	C:\Program Files\Java\jre1.8.0_65\bin\net.dll
0x00007ffd41c20000 - 0x00007ffd41c79000 	C:\WINDOWS\system32\mswsock.dll
0x00007ffd38bb0000 - 0x00007ffd38bc5000 	C:\WINDOWS\system32\napinsp.dll
0x00007ffd38bd0000 - 0x00007ffd38bea000 	C:\WINDOWS\system32\pnrpnsp.dll
0x00007ffd3ef10000 - 0x00007ffd3ef2b000 	C:\WINDOWS\system32\NLAapi.dll
0x00007ffd41a20000 - 0x00007ffd41ac4000 	C:\WINDOWS\SYSTEM32\DNSAPI.dll
0x00007ffd38fe0000 - 0x00007ffd38fed000 	C:\WINDOWS\System32\winrnr.dll
0x00007ffd38bf0000 - 0x00007ffd38c04000 	C:\WINDOWS\system32\wshbth.dll
0x00007ffd39360000 - 0x00007ffd3936a000 	C:\Windows\System32\rasadhlp.dll
0x00007ffd3cc00000 - 0x00007ffd3cc2a000 	C:\WINDOWS\SYSTEM32\IPHLPAPI.DLL
0x00007ffd3cbd0000 - 0x00007ffd3cbda000 	C:\WINDOWS\SYSTEM32\WINNSI.DLL
0x00007ffd3c7f0000 - 0x00007ffd3c85b000 	C:\WINDOWS\System32\fwpuclnt.dll
0x00007ffd41ce0000 - 0x00007ffd41d00000 	C:\WINDOWS\SYSTEM32\CRYPTSP.dll
0x00007ffd418a0000 - 0x00007ffd418d6000 	C:\WINDOWS\system32\rsaenh.dll
0x00007ffd41fa0000 - 0x00007ffd41fc6000 	C:\WINDOWS\SYSTEM32\bcrypt.dll
0x00007ffd422e0000 - 0x00007ffd42343000 	C:\WINDOWS\system32\bcryptprimitives.dll
0x00007ffd42350000 - 0x00007ffd4235b000 	C:\WINDOWS\SYSTEM32\CRYPTBASE.dll
0x00007ffd3ca80000 - 0x00007ffd3ca96000 	C:\WINDOWS\SYSTEM32\dhcpcsvc6.DLL
0x00007ffd3ca60000 - 0x00007ffd3ca7a000 	C:\WINDOWS\SYSTEM32\dhcpcsvc.DLL
0x0000000051a90000 - 0x0000000051aa1000 	C:\Program Files\Java\jre1.8.0_65\bin\nio.dll
0x00007ffd35e90000 - 0x00007ffd36019000 	C:\WINDOWS\SYSTEM32\dbghelp.dll

VM Arguments:
jvm_args: -Djava.library.path=C:\Users\Ivan\workspace\Lector_XBee\libs\native\Windows\win64 -Dfile.encoding=Cp1252 
java_command: tfg.sensornetwork.readxbee.GatewayInit
java_class_path (initial): C:\Users\Ivan\workspace\Lector_XBee\bin;C:\Program Files\Java\jdk1.8.0_65\jre\lib\RXTXcomm.jar;C:\Program Files\Java\jdk1.8.0_65\jre\lib\commons-codec-1.10.jar;C:\Program Files\Java\jdk1.8.0_65\jre\lib\commons-codec-1.10-javadoc.jar;C:\Program Files\Java\jdk1.8.0_65\jre\lib\commons-codec-1.10-sources.jar;C:\Program Files\Java\jdk1.8.0_65\jre\lib\commons-codec-1.10-tests.jar;C:\Program Files\Java\jdk1.8.0_65\jre\lib\commons-codec-1.10-test-sources.jar;C:\Users\Ivan\workspace\Lector_XBee\libs\rxtx-2.2.jar;C:\Users\Ivan\workspace\Lector_XBee\libs\slf4j-api-1.7.12.jar;C:\Users\Ivan\workspace\Lector_XBee\libs\slf4j-nop-1.7.12.jar;C:\Users\Ivan\workspace\Lector_XBee\libs\xbjlib-1.1.0.jar
Launcher Type: SUN_STANDARD

Environment Variables:
PATH=C:/Program Files/Java/jre1.8.0_65/bin/server;C:/Program Files/Java/jre1.8.0_65/bin;C:/Program Files/Java/jre1.8.0_65/lib/amd64;C:\ProgramData\Oracle\Java\javapath;C:\Program Files (x86)\NVIDIA Corporation\PhysX\Common;C:\Program Files (x86)\Intel\iCLS Client\;C:\Program Files\Intel\iCLS Client\;C:\WINDOWS\system32;C:\WINDOWS;C:\WINDOWS\System32\Wbem;C:\WINDOWS\System32\WindowsPowerShell\v1.0\;C:\Program Files\Intel\Intel(R) Management Engine Components\DAL;C:\Program Files\Intel\Intel(R) Management Engine Components\IPT;C:\Program Files (x86)\Intel\Intel(R) Management Engine Components\DAL;C:\Program Files (x86)\Intel\Intel(R) Management Engine Components\IPT;C:\Program Files (x86)\Intel\OpenCL SDK\2.0\bin\x86;C:\Program Files (x86)\Intel\OpenCL SDK\2.0\bin\x64;C:\Program Files\Lenovo\Bluetooth Software\;C:\Program Files\Lenovo\Bluetooth Software\syswow64;C:\Program Files\Java\jdk1.8.0_65\jre\lib;C:\Program Files (x86)\Skype\Phone\;C:\WINDOWS\system32;
USERNAME=Ivan
OS=Windows_NT
PROCESSOR_IDENTIFIER=Intel64 Family 6 Model 58 Stepping 9, GenuineIntel



---------------  S Y S T E M  ---------------

OS: Windows 8.1 , 64 bit Build 9600 (6.3.9600.17415)

CPU:total 4 (2 cores per cpu, 2 threads per core) family 6 model 58 stepping 9, cmov, cx8, fxsr, mmx, sse, sse2, sse3, ssse3, sse4.1, sse4.2, popcnt, avx, aes, clmul, erms, ht, tsc, tscinvbit, tscinv

Memory: 4k page, physical 8251156k(2820260k free), swap 16639764k(6170452k free)

vm_info: Java HotSpot(TM) 64-Bit Server VM (25.65-b01) for windows-amd64 JRE (1.8.0_65-b17), built on Oct  6 2015 16:39:20 by "java_re" with MS VC++ 10.0 (VS2010)

time: Sun Feb 07 20:08:43 2016
elapsed time: 43 seconds (0d 0h 0m 43s)

